--- Copying files at Tue Nov 21 03:56:26 UTC 2017
INSTALLED init.groovy.d/tcp-slave-agent-port.groovy
INSTALLED plugins/ace-editor.jpi : 1.1
INSTALLED plugins/analysis-core.jpi : 1.92
INSTALLED plugins/ant.jpi : 1.7
INSTALLED plugins/antisamy-markup-formatter.jpi : 1.5
INSTALLED plugins/apache-httpcomponents-client-4-api.jpi : 4.5.3-2.0
INSTALLED plugins/authentication-tokens.jpi : 1.3
INSTALLED plugins/bouncycastle-api.jpi : 2.16.2
INSTALLED plugins/branch-api.jpi : 2.0.15
INSTALLED plugins/build-pipeline-plugin.jpi : 1.5.7.1
INSTALLED plugins/build-timeout.jpi : 1.19
INSTALLED plugins/cloudbees-folder.jpi : 6.2.1
INSTALLED plugins/conditional-buildstep.jpi : 1.3.6
INSTALLED plugins/credentials-binding.jpi : 1.13
INSTALLED plugins/credentials.jpi : 2.1.16
INSTALLED plugins/display-url-api.jpi : 2.1.0
INSTALLED plugins/docker-commons.jpi : 1.9
INSTALLED plugins/docker-slaves.jpi : 1.0.7
INSTALLED plugins/docker-workflow.jpi : 1.14
INSTALLED plugins/durable-task.jpi : 1.16
INSTALLED plugins/email-ext.jpi : 2.61
INSTALLED plugins/envinject-api.jpi : 1.4
INSTALLED plugins/envinject.jpi : 2.1.5
INSTALLED plugins/external-monitor-job.jpi : 1.7
INSTALLED plugins/findbugs.jpi : 4.71
INSTALLED plugins/git-client.jpi : 2.6.0
INSTALLED plugins/git-server.jpi : 1.7
INSTALLED plugins/git.jpi : 3.6.4
INSTALLED plugins/github-api.jpi : 1.90
INSTALLED plugins/github-branch-source.jpi : 2.3.1
INSTALLED plugins/github-organization-folder.jpi : 1.6
INSTALLED plugins/github.jpi : 1.28.1
INSTALLED plugins/gradle.jpi : 1.28
INSTALLED plugins/handlebars.jpi : 1.1.1
INSTALLED plugins/icon-shim.jpi : 2.0.3
INSTALLED plugins/jackson2-api.jpi : 2.8.7.0
INSTALLED plugins/javadoc.jpi : 1.4
INSTALLED plugins/jquery-detached.jpi : 1.2.1
INSTALLED plugins/jquery.jpi : 1.12.4-0
INSTALLED plugins/jsch.jpi : 0.1.54.1
INSTALLED plugins/junit.jpi : 1.22.2
INSTALLED plugins/ldap.jpi : 1.18
INSTALLED plugins/mailer.jpi : 1.20
INSTALLED plugins/mapdb-api.jpi : 1.0.9.0
INSTALLED plugins/matrix-auth.jpi : 2.2
INSTALLED plugins/matrix-project.jpi : 1.12
INSTALLED plugins/maven-plugin.jpi : 3.0
INSTALLED plugins/momentjs.jpi : 1.1.1
INSTALLED plugins/pam-auth.jpi : 1.3
INSTALLED plugins/parameterized-trigger.jpi : 2.35.2
INSTALLED plugins/pipeline-build-step.jpi : 2.5.1
INSTALLED plugins/pipeline-github-lib.jpi : 1.0
INSTALLED plugins/pipeline-graph-analysis.jpi : 1.5
INSTALLED plugins/pipeline-input-step.jpi : 2.8
INSTALLED plugins/pipeline-milestone-step.jpi : 1.3.1
INSTALLED plugins/pipeline-model-api.jpi : 1.2.4
INSTALLED plugins/pipeline-model-declarative-agent.jpi : 1.1.1
INSTALLED plugins/pipeline-model-definition.jpi : 1.2.4
INSTALLED plugins/pipeline-model-extensions.jpi : 1.2.4
INSTALLED plugins/pipeline-rest-api.jpi : 2.9
INSTALLED plugins/pipeline-stage-step.jpi : 2.3
INSTALLED plugins/pipeline-stage-tags-metadata.jpi : 1.2.4
INSTALLED plugins/pipeline-stage-view.jpi : 2.9
INSTALLED plugins/pipeline-utility-steps.jpi : 1.5.1
INSTALLED plugins/plain-credentials.jpi : 1.4
INSTALLED plugins/resource-disposer.jpi : 0.8
INSTALLED plugins/run-condition.jpi : 1.0
INSTALLED plugins/scm-api.jpi : 2.2.5
INSTALLED plugins/script-security.jpi : 1.35
INSTALLED plugins/sonar.jpi : 2.6.1
INSTALLED plugins/ssh-credentials.jpi : 1.13
INSTALLED plugins/ssh-slaves.jpi : 1.22
INSTALLED plugins/structs.jpi : 1.10
INSTALLED plugins/subversion.jpi : 2.9
INSTALLED plugins/swarm.jpi : 3.6
INSTALLED plugins/timestamper.jpi : 1.8.8
INSTALLED plugins/token-macro.jpi : 2.3
INSTALLED plugins/windows-slaves.jpi : 1.3.1
INSTALLED plugins/workflow-aggregator.jpi : 2.5
INSTALLED plugins/workflow-api.jpi : 2.23.1
INSTALLED plugins/workflow-basic-steps.jpi : 2.6
INSTALLED plugins/workflow-cps-global-lib.jpi : 2.9
INSTALLED plugins/workflow-cps.jpi : 2.41
INSTALLED plugins/workflow-durable-task-step.jpi : 2.17
INSTALLED plugins/workflow-job.jpi : 2.12.2
INSTALLED plugins/workflow-multibranch.jpi : 2.16
INSTALLED plugins/workflow-scm-step.jpi : 2.6
INSTALLED plugins/workflow-step-api.jpi : 2.13
INSTALLED plugins/workflow-support.jpi : 2.16
INSTALLED plugins/ws-cleanup.jpi : 0.34
